
Illegal string offset 'project_id'
Undefined index: payment_status
Undefined variable: where
Array to string conversion
Array to string conversion
Array to string conversion
Array to string conversion
Undefined index: transaction_id
Undefined variable: table
Array to string conversion
mysqli_query(): Couldn't fetch mysqli
Undefined variable: where
mysqli_num_rows() expects parameter 1 to be mysqli_result, boolean given
mail(): Failed to connect to mailserver at &quot;localhost&quot; port 25, verify your &quot;SMTP&quot; and &quot;smtp_port&quot; setting in php.ini or use ini_set()
mail(): Failed to connect to mailserver at &quot;localhost&quot; port 25, verify your &quot;SMTP&quot; and &quot;smtp_port&quot; setting in php.ini or use ini_set()
Undefined variable: message_text
Undefined variable: message_text
Undefined variable: message_text
mail(): Failed to connect to mailserver at &quot;localhost&quot; port 25, verify your &quot;SMTP&quot; and &quot;smtp_port&quot; setting in php.ini or use ini_set()
mail(): Failed to connect to mailserver at &quot;localhost&quot; port 25, verify your &quot;SMTP&quot; and &quot;smtp_port&quot; setting in php.ini or use ini_set()
mail(): Failed to connect to mailserver at &quot;localhost&quot; port 25, verify your &quot;SMTP&quot; and &quot;smtp_port&quot; setting in php.ini or use ini_set()
mail(): Failed to connect to mailserver at &quot;localhost&quot; port 25, verify your &quot;SMTP&quot; and &quot;smtp_port&quot; setting in php.ini or use ini_set()
mail(): Failed to connect to mailserver at &quot;localhost&quot; port 25, verify your &quot;SMTP&quot; and &quot;smtp_port&quot; setting in php.ini or use ini_set()
mail(): Failed to connect to mailserver at &quot;localhost&quot; port 25, verify your &quot;SMTP&quot; and &quot;smtp_port&quot; setting in php.ini or use ini_set()
mail(): Failed to connect to mailserver at &quot;localhost&quot; port 25, verify your &quot;SMTP&quot; and &quot;smtp_port&quot; setting in php.ini or use ini_set()
mail(): Failed to connect to mailserver at &quot;localhost&quot; port 25, verify your &quot;SMTP&quot; and &quot;smtp_port&quot; setting in php.ini or use ini_set()
mysqli_num_rows() expects parameter 1 to be mysqli_result, boolean given
mysqli_num_rows() expects parameter 1 to be mysqli_result, boolean given
mysqli_num_rows() expects parameter 1 to be mysqli_result, boolean given
mysqli_num_rows() expects parameter 1 to be mysqli_result, boolean given
mysqli_num_rows() expects parameter 1 to be mysqli_result, boolean given
mysqli_num_rows() expects parameter 1 to be mysqli_result, boolean given
mysqli_num_rows() expects parameter 1 to be mysqli_result, boolean given
mysqli_num_rows() expects parameter 1 to be mysqli_result, boolean given
mysqli_num_rows() expects parameter 1 to be mysqli_result, boolean given
Undefined variable: where
Undefined variable: where
Undefined variable: where
Undefined variable: where
